[2026-02-25T15:22:44.072Z] 10:22:44 AM [vite] (client) page reload index.html
[2026-02-25T15:22:45.066Z] 10:22:45 AM [vite] (client) page reload client/index.html
[2026-02-25T15:22:45.274Z] 10:22:45 AM [vite] changed tsconfig file detected: /home/ubuntu/books_website/tsconfig.json - Clearing cache and forcing full-reload to ensure TypeScript is compiled with updated config values.
[2026-02-25T15:23:53.798Z] 10:23:53 AM [vite] (client) page reload index.html
[2026-02-25T15:23:53.890Z] 10:23:53 AM [vite] changed tsconfig file detected: /home/ubuntu/books_website/tsconfig.json - Clearing cache and forcing full-reload to ensure TypeScript is compiled with updated config values.
[2026-02-25T15:23:53.892Z] 10:23:53 AM [vite] (client) page reload client/index.html
[2026-02-25T15:40:30.735Z] 10:40:30 AM [vite] (client) page reload index.html
[2026-02-25T15:40:30.737Z] 10:40:30 AM [vite] (client) page reload index.html
[2026-02-27T03:54:10.832Z] Dev server process group stopped
[2026-02-27T03:54:13.838Z] Starting dev server with command: pnpm run dev
[2026-02-27T03:54:15.784Z] 
[2026-02-27T03:54:15.785Z] > books_website@1.0.0 dev /home/ubuntu/books_website
[2026-02-27T03:54:15.785Z] > vite --host
[2026-02-27T03:54:15.785Z] 
[2026-02-27T03:54:21.518Z] 
[2026-02-27T03:54:21.519Z] VITE v7.1.9  ready in 5335 ms
[2026-02-27T03:54:21.519Z] 
[2026-02-27T03:54:21.519Z] ➜  Local:   http://localhost:3000/
[2026-02-27T03:54:21.519Z] ➜  Network: http://169.254.0.21:3000/
[2026-02-27T03:56:33.543Z] 10:56:33 PM [vite] vite.config.ts changed, restarting server...
[2026-02-27T03:56:33.543Z] 10:56:33 PM [vite] (client) page reload index.html
[2026-02-27T03:56:33.553Z] 10:56:33 PM [vite] (client) Re-optimizing dependencies because vite config has changed
[2026-02-27T03:56:33.564Z] 10:56:33 PM [vite] server restarted.
[2026-02-27T03:56:33.565Z] 
[2026-02-27T03:56:33.565Z] ➜  Local:   http://localhost:5173/
[2026-02-27T03:56:33.566Z] ➜  Network: http://169.254.0.21:5173/
[2026-02-27T03:56:33.721Z] 10:56:33 PM [vite] changed tsconfig file detected: /home/ubuntu/books_website/tsconfig.json - Clearing cache and forcing full-reload to ensure TypeScript is compiled with updated config values.
